21:48:28.939 [main] INFO  - GetAlluser Actual Status Code200
21:48:28.944 [main] INFO  - Validating Schema after creating the User --->
21:48:28.944 [main] INFO  - Validating the Content-Type ---- >
21:48:30.065 [main] INFO  -  UserID for the newly created user --> 10193
21:48:30.065 [main] INFO  -  User First Name for the newly created the user --> Aru
21:48:30.596 [main] INFO  - Validating the GetByID status Code ---- 
21:48:30.597 [main] INFO  - GetByID Status Code --->200
21:48:30.632 [main] INFO  - Validating the Schema after getting the User----
21:48:30.899 [main] INFO  - Validating the GetByName Status Code --- 
21:48:31.195 [main] INFO  - Validating the Delete Status Code --- 
21:56:31.512 [main] INFO  - GetAlluser Actual Status Code200
21:56:31.517 [main] INFO  - Validating Schema after creating the User --->
21:56:31.517 [main] INFO  - Validating the Content-Type ---- >
21:56:32.233 [main] INFO  - Validating the GetByID status Code ---- 
21:56:32.234 [main] INFO  - GetByID Status Code --->404
21:56:32.498 [main] INFO  - Validating the GetByName Status Code --- 
21:56:32.754 [main] INFO  - Validating the Delete Status Code --- 
21:57:15.968 [main] INFO  - GetAlluser Actual Status Code200
21:57:15.975 [main] INFO  - Validating Schema after creating the User --->
21:57:15.975 [main] INFO  - Validating the Content-Type ---- >
21:57:17.256 [main] INFO  -  UserID for the newly created user --> 10194
21:57:17.256 [main] INFO  -  User First Name for the newly created the user -->Aru
21:57:17.804 [main] INFO  - Validating the GetByID status Code ---- 
21:57:17.805 [main] INFO  - GetByID Status Code --->200
21:57:17.835 [main] INFO  - Validating the Schema after getting the User----
21:57:18.077 [main] INFO  - Validating the GetByName Status Code --- 
21:57:18.369 [main] INFO  - Validating the Delete Status Code --- 
22:02:57.831 [main] INFO  - GetAlluser Actual Status Code200
22:02:57.837 [main] INFO  - Validating Schema after creating the User --->
22:02:57.837 [main] INFO  - Validating the Content-Type ---- >
22:02:59.190 [main] INFO  -  UserID for the newly created user --> 10195
22:02:59.190 [main] INFO  -  User First Name for the newly created the user -->Aru
22:02:59.782 [main] INFO  - Validating the GetByID status Code ---- 
22:02:59.782 [main] INFO  - GetByID Status Code --->200
22:02:59.801 [main] INFO  - Validating the Schema after getting the User----
22:03:00.047 [main] INFO  - Validating the GetByName Status Code --- 
22:03:00.318 [main] INFO  - Validating the Delete Status Code --- 
22:03:00.318 [main] INFO  - Delete Status Code ---> 200
22:03:00.318 [main] INFO  - Validating the Delete Schema --- 
22:14:43.719 [main] INFO  - GetAlluser Actual Status Code200
22:14:43.726 [main] INFO  - Validating Schema after creating the User --->
22:14:43.726 [main] INFO  - Validating the Content-Type ---- >
22:14:45.047 [main] INFO  -  UserID for the newly created user --> 10202
22:14:45.047 [main] INFO  -  User First Name for the newly created the user -->Aru
22:14:45.976 [main] INFO  - Validating the GetByID status Code ---- 
22:14:45.976 [main] INFO  - GetByID Status Code --->200
22:14:45.998 [main] INFO  - Validating the Schema after getting the User----
22:14:46.278 [main] INFO  - Validating the GetByName Status Code --- 
22:14:46.575 [main] INFO  - Validating the Delete Status Code --- 
22:14:46.576 [main] INFO  - Delete Status Code ---> 200
22:14:46.576 [main] INFO  - Validating the Delete Schema --- 
22:19:52.570 [main] INFO  - GetAlluser Actual Status Code200
22:19:52.576 [main] INFO  - Validating Schema after creating the User --->
22:19:52.576 [main] INFO  - Validating the Content-Type ---- >
22:19:53.798 [main] INFO  -  UserID for the newly created user --> 10205
22:19:53.798 [main] INFO  -  User First Name for the newly created the user -->Aru
22:19:54.565 [main] INFO  - Validating the GetByID status Code ---- 
22:19:54.565 [main] INFO  - GetByID Status Code --->200
22:19:54.598 [main] INFO  - Validating the Schema after getting the User----
22:19:54.860 [main] INFO  - Validating the GetByName Status Code --- 
22:19:55.148 [main] INFO  - Validating the Delete Status Code --- 
22:19:55.149 [main] INFO  - Delete Status Code ---> 200
22:19:55.149 [main] INFO  - Validating the Delete Schema --- 
17:38:24.401 [main] INFO  - GetAlluser Actual Status Code200
17:38:24.407 [main] INFO  - Validating Schema after creating the User --->
17:38:24.407 [main] INFO  - Validating the Content-Type ---- >
18:00:11.373 [main] INFO  - GetAlluser Actual Status Code401
18:00:11.646 [main] INFO  - GetAlluser Actual Status Code401
18:08:33.483 [main] INFO  - GetAlluser Actual Status Code200
18:08:33.489 [main] INFO  - Validating Schema after creating the User --->
18:08:33.489 [main] INFO  - Validating the Content-Type ---- >
18:08:34.803 [main] INFO  - GetAlluser Actual Status Code200
18:08:34.803 [main] INFO  - Validating Schema after creating the User --->
18:08:34.803 [main] INFO  - Validating the Content-Type ---- >
15:57:03.350 [main] INFO  - GetAlluser Actual Status Code200
15:57:03.357 [main] INFO  - Validating Schema after creating the User --->
15:57:09.041 [main] INFO  - Validating the GetByID status Code ---- 
15:57:09.041 [main] INFO  - GetByID Status Code --->404
15:57:09.348 [main] INFO  - Validating the GetByName Status Code --- 
15:57:10.253 [main] INFO  - Validating the Delete Status Code --- 
15:57:10.253 [main] INFO  - Delete Status Code ---> 200
15:57:10.254 [main] INFO  - Validating the Delete Schema --- 
15:58:09.072 [main] INFO  - GetAlluser Actual Status Code200
15:58:09.076 [main] INFO  - Validating Schema after creating the User --->
15:58:14.356 [main] INFO  - Validating the GetByID status Code ---- 
15:58:14.356 [main] INFO  - GetByID Status Code --->404
15:58:14.621 [main] INFO  - Validating the GetByName Status Code --- 
15:58:14.898 [main] INFO  - Validating the Delete Status Code --- 
16:02:18.498 [main] INFO  - GetAlluser Actual Status Code200
16:02:18.503 [main] INFO  - Validating Schema after creating the User --->
16:02:29.219 [main] INFO  - Validating the GetByID status Code ---- 
16:02:29.219 [main] INFO  - GetByID Status Code --->404
16:02:29.502 [main] INFO  - Validating the GetByName Status Code --- 
16:02:29.767 [main] INFO  - Validating the Delete Status Code --- 
17:06:52.462 [main] INFO  - GetAlluser Actual Status Code200
17:06:52.483 [main] INFO  - Validating Schema after creating the User --->
17:06:54.761 [main] INFO  - Validating the GetByID status Code ---- 
17:06:54.761 [main] INFO  - GetByID Status Code --->404
17:06:55.030 [main] INFO  - Validating the GetByName Status Code --- 
17:06:55.327 [main] INFO  - Validating the Delete Status Code --- 
17:07:31.542 [main] INFO  - GetAlluser Actual Status Code200
17:07:31.545 [main] INFO  - Validating Schema after creating the User --->
17:07:35.162 [main] INFO  - Validating the GetByID status Code ---- 
17:07:35.162 [main] INFO  - GetByID Status Code --->404
17:07:35.414 [main] INFO  - Validating the GetByName Status Code --- 
17:07:35.667 [main] INFO  - Validating the Delete Status Code --- 
17:09:37.145 [main] INFO  - GetAlluser Actual Status Code200
17:09:37.149 [main] INFO  - Validating Schema after creating the User --->
17:09:39.396 [main] INFO  - Validating the GetByID status Code ---- 
17:09:39.396 [main] INFO  - GetByID Status Code --->404
17:09:39.678 [main] INFO  - Validating the GetByName Status Code --- 
17:09:39.995 [main] INFO  - Validating the Delete Status Code --- 
17:13:29.447 [main] INFO  - GetAlluser Actual Status Code200
17:13:29.452 [main] INFO  - Validating Schema after creating the User --->
17:13:31.824 [main] INFO  - Validating the GetByID status Code ---- 
17:13:31.824 [main] INFO  - GetByID Status Code --->404
17:13:32.095 [main] INFO  - Validating the GetByName Status Code --- 
17:13:32.365 [main] INFO  - Validating the Delete Status Code --- 
17:15:44.655 [main] INFO  - GetAlluser Actual Status Code200
17:15:44.659 [main] INFO  - Validating Schema after creating the User --->
17:15:48.873 [main] INFO  - Validating the GetByID status Code ---- 
17:15:48.874 [main] INFO  - GetByID Status Code --->404
17:15:49.135 [main] INFO  - Validating the GetByName Status Code --- 
17:15:49.395 [main] INFO  - Validating the Delete Status Code --- 
17:22:28.649 [main] INFO  - GetAlluser Actual Status Code200
17:22:28.653 [main] INFO  - Validating Schema after creating the User --->
17:22:32.761 [main] INFO  - Validating the GetByID status Code ---- 
17:22:32.762 [main] INFO  - GetByID Status Code --->404
17:22:33.049 [main] INFO  - Validating the GetByName Status Code --- 
17:22:33.356 [main] INFO  - Validating the Delete Status Code --- 
17:27:34.417 [main] INFO  - GetAlluser Actual Status Code200
17:27:34.423 [main] INFO  - Validating Schema after creating the User --->
17:27:39.294 [main] INFO  - Validating the GetByID status Code ---- 
17:27:39.294 [main] INFO  - GetByID Status Code --->404
17:27:39.690 [main] INFO  - Validating the GetByName Status Code --- 
17:27:39.938 [main] INFO  - Validating the Delete Status Code --- 
17:29:43.874 [main] INFO  - GetAlluser Actual Status Code200
17:29:43.879 [main] INFO  - Validating Schema after creating the User --->
17:29:49.237 [main] INFO  - Validating the GetByID status Code ---- 
17:29:49.238 [main] INFO  - GetByID Status Code --->404
17:29:49.500 [main] INFO  - Validating the GetByName Status Code --- 
17:29:49.762 [main] INFO  - Validating the Delete Status Code --- 
17:30:58.411 [main] INFO  - GetAlluser Actual Status Code200
17:30:58.417 [main] INFO  - Validating Schema after creating the User --->
17:31:04.463 [main] INFO  - Validating the GetByID status Code ---- 
17:31:04.463 [main] INFO  - GetByID Status Code --->404
17:31:04.794 [main] INFO  - Validating the GetByName Status Code --- 
17:31:05.064 [main] INFO  - Validating the Delete Status Code --- 
17:33:15.405 [main] INFO  - GetAlluser Actual Status Code200
17:33:15.418 [main] INFO  - Validating Schema after creating the User --->
17:33:20.027 [main] INFO  - Validating the GetByID status Code ---- 
17:33:20.027 [main] INFO  - GetByID Status Code --->404
17:33:20.320 [main] INFO  - Validating the GetByName Status Code --- 
17:33:20.563 [main] INFO  - Validating the Delete Status Code --- 
17:35:56.941 [main] INFO  - GetAlluser Actual Status Code200
17:35:56.945 [main] INFO  - Validating Schema after creating the User --->
17:35:59.151 [main] INFO  - Validating the GetByID status Code ---- 
17:35:59.152 [main] INFO  - GetByID Status Code --->404
17:35:59.429 [main] INFO  - Validating the GetByName Status Code --- 
17:35:59.699 [main] INFO  - Validating the Delete Status Code --- 
17:38:40.084 [main] INFO  - GetAlluser Actual Status Code200
17:38:40.090 [main] INFO  - Validating Schema after creating the User --->
17:38:42.316 [main] INFO  - Validating the GetByID status Code ---- 
17:38:42.316 [main] INFO  - GetByID Status Code --->404
17:38:42.598 [main] INFO  - Validating the GetByName Status Code --- 
17:38:42.868 [main] INFO  - Validating the Delete Status Code --- 
17:40:05.607 [main] INFO  - GetAlluser Actual Status Code200
17:40:05.610 [main] INFO  - Validating Schema after creating the User --->
17:40:07.861 [main] INFO  - Validating the GetByID status Code ---- 
17:40:07.861 [main] INFO  - GetByID Status Code --->404
17:40:08.161 [main] INFO  - Validating the GetByName Status Code --- 
17:40:08.448 [main] INFO  - Validating the Delete Status Code --- 
17:43:15.430 [main] INFO  - GetAlluser Actual Status Code200
17:43:15.434 [main] INFO  - Validating Schema after creating the User --->
17:43:21.153 [main] INFO  - Validating the GetByID status Code ---- 
17:43:21.154 [main] INFO  - GetByID Status Code --->404
17:43:21.495 [main] INFO  - Validating the GetByName Status Code --- 
17:43:21.759 [main] INFO  - Validating the Delete Status Code --- 
17:46:12.221 [main] INFO  - GetAlluser Actual Status Code200
17:46:12.236 [main] INFO  - Validating Schema after creating the User --->
17:46:23.184 [main] INFO  - Validating the GetByID status Code ---- 
17:46:23.184 [main] INFO  - GetByID Status Code --->404
17:46:23.453 [main] INFO  - Validating the GetByName Status Code --- 
17:46:23.761 [main] INFO  - Validating the Delete Status Code --- 
17:47:32.280 [main] INFO  - GetAlluser Actual Status Code200
17:47:32.286 [main] INFO  - Validating Schema after creating the User --->
17:47:43.775 [main] INFO  - Validating the GetByID status Code ---- 
17:47:43.775 [main] INFO  - GetByID Status Code --->404
17:47:44.002 [main] INFO  - Validating the GetByName Status Code --- 
17:47:44.266 [main] INFO  - Validating the Delete Status Code --- 
17:49:56.469 [main] INFO  - GetAlluser Actual Status Code200
17:49:56.474 [main] INFO  - Validating Schema after creating the User --->
17:50:07.423 [main] INFO  - Validating the GetByID status Code ---- 
17:50:07.423 [main] INFO  - GetByID Status Code --->404
17:50:07.672 [main] INFO  - Validating the GetByName Status Code --- 
17:50:07.950 [main] INFO  - Validating the Delete Status Code --- 
17:51:10.754 [main] INFO  - GetAlluser Actual Status Code200
17:51:10.759 [main] INFO  - Validating Schema after creating the User --->
17:51:21.684 [main] INFO  - Validating the GetByID status Code ---- 
17:51:21.685 [main] INFO  - GetByID Status Code --->404
17:51:21.946 [main] INFO  - Validating the GetByName Status Code --- 
17:51:22.195 [main] INFO  - Validating the Delete Status Code --- 
17:52:16.268 [main] INFO  - GetAlluser Actual Status Code200
17:52:16.272 [main] INFO  - Validating Schema after creating the User --->
17:52:27.619 [main] INFO  - Validating the GetByID status Code ---- 
17:52:27.620 [main] INFO  - GetByID Status Code --->404
17:52:27.875 [main] INFO  - Validating the GetByName Status Code --- 
17:52:28.149 [main] INFO  - Validating the Delete Status Code --- 
17:56:00.471 [main] INFO  - GetAlluser Actual Status Code200
17:56:00.474 [main] INFO  - Validating Schema after creating the User --->
17:56:11.774 [main] INFO  - Validating the GetByID status Code ---- 
17:56:11.775 [main] INFO  - GetByID Status Code --->404
17:56:12.023 [main] INFO  - Validating the GetByName Status Code --- 
17:56:12.264 [main] INFO  - Validating the Delete Status Code --- 
17:58:33.068 [main] INFO  - GetAlluser Actual Status Code200
17:58:33.073 [main] INFO  - Validating Schema after creating the User --->
17:59:01.659 [main] INFO  - Validating the GetByID status Code ---- 
17:59:01.659 [main] INFO  - GetByID Status Code --->404
17:59:01.896 [main] INFO  - Validating the GetByName Status Code --- 
17:59:02.158 [main] INFO  - Validating the Delete Status Code --- 
18:02:10.640 [main] INFO  - GetAlluser Actual Status Code200
18:02:10.644 [main] INFO  - Validating Schema after creating the User --->
18:02:21.872 [main] INFO  - Validating the GetByID status Code ---- 
18:02:21.872 [main] INFO  - GetByID Status Code --->404
18:02:22.126 [main] INFO  - Validating the GetByName Status Code --- 
18:02:22.401 [main] INFO  - Validating the Delete Status Code --- 
18:09:10.972 [main] INFO  - GetAlluser Actual Status Code200
18:09:10.979 [main] INFO  - Validating Schema after creating the User --->
18:09:22.924 [main] INFO  - Validating the GetByID status Code ---- 
18:09:22.924 [main] INFO  - GetByID Status Code --->404
18:09:23.179 [main] INFO  - Validating the GetByName Status Code --- 
18:09:23.421 [main] INFO  - Validating the Delete Status Code --- 
18:11:04.379 [main] INFO  - GetAlluser Actual Status Code200
18:11:04.383 [main] INFO  - Validating Schema after creating the User --->
18:11:15.644 [main] INFO  - Validating the GetByID status Code ---- 
18:11:15.644 [main] INFO  - GetByID Status Code --->404
18:11:15.904 [main] INFO  - Validating the GetByName Status Code --- 
18:11:16.159 [main] INFO  - Validating the Delete Status Code --- 
18:14:35.839 [main] INFO  - GetAlluser Actual Status Code200
18:14:35.842 [main] INFO  - Validating Schema after creating the User --->
18:14:47.376 [main] INFO  - Validating the GetByID status Code ---- 
18:14:47.376 [main] INFO  - GetByID Status Code --->404
18:14:47.613 [main] INFO  - Validating the GetByName Status Code --- 
18:14:47.889 [main] INFO  - Validating the Delete Status Code --- 
18:19:09.130 [main] INFO  - GetAlluser Actual Status Code200
18:19:09.144 [main] INFO  - Validating Schema after creating the User --->
18:19:20.737 [main] INFO  - Validating the GetByID status Code ---- 
18:19:20.738 [main] INFO  - GetByID Status Code --->404
18:19:21.036 [main] INFO  - Validating the GetByName Status Code --- 
18:19:21.279 [main] INFO  - Validating the Delete Status Code --- 
18:20:15.413 [main] INFO  - GetAlluser Actual Status Code200
18:20:15.426 [main] INFO  - Validating Schema after creating the User --->
18:20:22.765 [main] INFO  - Validating the GetByID status Code ---- 
18:20:22.765 [main] INFO  - GetByID Status Code --->404
18:20:23.036 [main] INFO  - Validating the GetByName Status Code --- 
18:20:23.345 [main] INFO  - Validating the Delete Status Code --- 
18:20:57.464 [main] INFO  - GetAlluser Actual Status Code200
18:20:57.468 [main] INFO  - Validating Schema after creating the User --->
18:21:05.322 [main] INFO  -  UserID for the newly created user --> 11569
18:21:05.322 [main] INFO  -  User First Name for the newly created the user -->Aru
18:21:05.777 [main] INFO  - Validating the GetByID status Code ---- 
18:21:05.778 [main] INFO  - GetByID Status Code --->200
18:21:05.798 [main] INFO  - Validating the Schema after getting the User----
18:21:06.078 [main] INFO  - Validating the GetByName Status Code --- 
18:21:06.357 [main] INFO  - Validating the Delete Status Code --- 
18:21:06.357 [main] INFO  - Delete Status Code ---> 200
18:21:06.357 [main] INFO  - Validating the Delete Schema --- 
18:24:38.029 [main] INFO  - GetAlluser Actual Status Code200
18:24:38.034 [main] INFO  - Validating Schema after creating the User --->
18:24:38.034 [main] INFO  - Validating the Content-Type ---- >
18:24:45.264 [main] INFO  -  UserID for the newly created user --> 11570
18:24:45.264 [main] INFO  -  User First Name for the newly created the user -->Aru
18:24:45.959 [main] INFO  - Validating the GetByID status Code ---- 
18:24:45.959 [main] INFO  - GetByID Status Code --->200
18:24:45.983 [main] INFO  - Validating the Schema after getting the User----
18:24:46.241 [main] INFO  - Validating the GetByName Status Code --- 
18:24:46.527 [main] INFO  - Validating the Delete Status Code --- 
18:24:46.528 [main] INFO  - Delete Status Code ---> 200
18:24:46.528 [main] INFO  - Validating the Delete Schema --- 
